<?xml version="1.0" encoding="UTF-8"?>
<!-- Generated by org.testng.reporters.JUnitReportReporter -->
<testsuite hostname="LAPTOP-BDO4KB8R" failures="0" tests="3" name="Pack.TestClass" time="0.016" errors="0" timestamp="2022-05-16T13:06:16 IST" skipped="0">
  <testcase classname="Pack.TestClass" name="testB" time="0.004"/>
  <system-out/>
  <testcase classname="Pack.TestClass" name="testA" time="0.009"/>
  <system-out/>
  <testcase classname="Pack.TestClass" name="testC" time="0.003"/>
  <system-out/>
</testsuite> <!-- Pack.TestClass -->
