<?xml version="1.0" encoding="UTF-8"?>
<!-- Generated by org.testng.reporters.JUnitReportReporter -->
<testsuite hostname="LAPTOP-BDO4KB8R" failures="0" tests="1" name="Pack.Lo$FirstTestWithTestNGFramework" time="20.291" errors="0" timestamp="2022-05-22T00:00:39 IST" skipped="0">
  <testcase classname="Pack.Lo$FirstTestWithTestNGFramework" name="Login" time="20.291"/>
  <system-out/>
</testsuite> <!-- Pack.Lo$FirstTestWithTestNGFramework -->
