<?xml version="1.0" encoding="UTF-8"?>
<!-- Generated by org.testng.reporters.JUnitReportReporter -->
<testsuite hostname="LAPTOP-BDO4KB8R" failures="0" tests="3" name="Pack.TestClass1" time="0.007" errors="0" timestamp="2022-05-20T14:18:33 IST" skipped="3">
  <testcase classname="Pack.TestClass1" name="testB" time="0.005">
    <skipped/>
  </testcase> <!-- testB -->
  <system-out/>
  <testcase classname="Pack.TestClass1" name="testC" time="0.002">
    <skipped/>
  </testcase> <!-- testC -->
  <system-out/>
  <testcase classname="Pack.TestClass1" name="testA">
    <skipped/>
  </testcase> <!-- testA -->
  <system-out/>
</testsuite> <!-- Pack.TestClass1 -->
