<?xml version="1.0" encoding="UTF-8"?>
<!-- Generated by org.testng.reporters.JUnitReportReporter -->
<testsuite hostname="LAPTOP-BDO4KB8R" failures="0" tests="1" name="Pack.Test99GuruLogin" time="24.536" errors="0" timestamp="2022-05-22T10:40:18 IST" skipped="0">
  <testcase classname="Pack.Test99GuruLogin" name="test_Home_Page_Appear_Correct" time="24.536"/>
  <system-out/>
</testsuite> <!-- Pack.Test99GuruLogin -->
